<?xml version="1.0" encoding="UTF-8"?>
<testng-results skipped="0" failed="0" ignored="0" total="1" passed="1">
  <reporter-output>
  </reporter-output>
  <suite name="Default suite" duration-ms="30976" started-at="2019-08-20T07:07:36Z" finished-at="2019-08-20T07:08:07Z">
    <groups>
    </groups>
    <test name="Default test" duration-ms="30976" started-at="2019-08-20T07:07:36Z" finished-at="2019-08-20T07:08:07Z">
      <class name="com.autoton.Testcases.APIDemo">
        <test-method status="PASS" signature="setup()[pri:0, instance:com.autoton.Testcases.APIDemo@12ea799]" name="setup" is-config="true" duration-ms="135" started-at="2019-08-20T07:07:36Z" finished-at="2019-08-20T07:07:36Z">
          <reporter-output>
          </reporter-output>
        </test-method> <!-- setup -->
        <test-method status="PASS" signature="validateGetResponse()[pri:0, instance:com.autoton.Testcases.APIDemo@12ea799]" name="validateGetResponse" duration-ms="30807" started-at="2019-08-20T07:07:36Z" finished-at="2019-08-20T07:08:07Z">
          <reporter-output>
          </reporter-output>
        </test-method> <!-- validateGetResponse -->
      </class> <!-- com.autoton.Testcases.APIDemo -->
    </test> <!-- Default test -->
  </suite> <!-- Default suite -->
</testng-results>
